Arguments: 
  /Users/pouchon/.nvm/versions/node/v10.18.1/bin/node /usr/local/Cellar/yarn/1.19.1/libexec/bin/yarn.js add hapijs

PATH: 
  /Users/pouchon/.nvm/versions/node/v10.18.1/bin:/Users/pouchon/.rbenv/shims:/Users/pouchon/.rbenv/bin:/Users/pouchon/.rbenv/shims:/usr/bin:/bin:/usr/sbin:/sbin:/usr/local/bin:/usr/local/sbin:/Library/Java/JavaVirtualMachines/jdk1.8.0_231.jdk/Contents/Home/bin:opt/spark-2.4.4/bin:/Users/pouchon/Development/go/bin

Yarn version: 
  1.19.1

Node version: 
  10.18.1

Platform: 
  darwin x64

Trace: 
  Error: https://registry.yarnpkg.com/hapijs: Not found
      at Request.params.callback [as _callback] (/usr/local/Cellar/yarn/1.19.1/libexec/lib/cli.js:66926:18)
      at Request.self.callback (/usr/local/Cellar/yarn/1.19.1/libexec/lib/cli.js:140564:22)
      at Request.emit (events.js:198:13)
      at Request.<anonymous> (/usr/local/Cellar/yarn/1.19.1/libexec/lib/cli.js:141536:10)
      at Request.emit (events.js:198:13)
      at IncomingMessage.<anonymous> (/usr/local/Cellar/yarn/1.19.1/libexec/lib/cli.js:141458:12)
      at Object.onceWrapper (events.js:286:20)
      at IncomingMessage.emit (events.js:203:15)
      at endReadableNT (_stream_readable.js:1145:12)
      at process._tickCallback (internal/process/next_tick.js:63:19)

npm manifest: 
  {
    "name": "d3_stocks",
    "version": "1.0.0",
    "description": "Stock data using D3, Reack, HapiJS",
    "main": "src/index.js",
    "repository": "https://github.com/DuCalixte/d3_stocks",
    "author": "Stanley Calixte",
    "license": "MIT"
  }

yarn manifest: 
  No manifest

Lockfile: 
  No lockfile
